[
  {
    "Plan": {
      "Plan": {
        "Node Type": "Sort",
        "Parallel Aware": false,
        "Startup Cost": 34.83,
        "Total Cost": 35.26,
        "Plan Rows": 170,
        "Plan Width": 112,
        "Sort Key": [
          "(count(n.n_nationkey)) DESC"
        ],
        "Plans": [
          {
            "Node Type": "Aggregate",
            "Strategy": "Hashed",
            "Partial Mode": "Simple",
            "Parent Relationship": "Outer",
            "Parallel Aware": false,
            "Startup Cost": 26.83,
            "Total Cost": 28.53,
            "Plan Rows": 170,
            "Plan Width": 112,
            "Group Key": [
              "r.r_name"
            ],
            "Plans": [
              {
                "Node Type": "Hash Join",
                "Parent Relationship": "Outer",
                "Parallel Aware": false,
                "Join Type": "Inner",
                "Startup Cost": 13.82,
                "Total Cost": 25.98,
                "Plan Rows": 170,
                "Plan Width": 108,
                "Inner Unique": true,
                "Hash Cond": "(n.n_regionkey = r.r_regionkey)",
                "Plans": [
                  {
                    "Node Type": "Seq Scan",
                    "Parent Relationship": "Outer",
                    "Parallel Aware": false,
                    "Relation Name": "nation",
                    "Alias": "n",
                    "Startup Cost": 0.0,
                    "Total Cost": 11.7,
                    "Plan Rows": 170,
                    "Plan Width": 8
                  },
                  {
                    "Node Type": "Hash",
                    "Parent Relationship": "Inner",
                    "Parallel Aware": false,
                    "Startup Cost": 11.7,
                    "Total Cost": 11.7,
                    "Plan Rows": 170,
                    "Plan Width": 108,
                    "Plans": [
                      {
                        "Node Type": "Seq Scan",
                        "Parent Relationship": "Outer",
                        "Parallel Aware": false,
                        "Relation Name": "region",
                        "Alias": "r",
                        "Startup Cost": 0.0,
                        "Total Cost": 11.7,
                        "Plan Rows": 170,
                        "Plan Width": 108
                      }
                    ]
                  }
                ]
              }
            ]
          }
        ]
      }
    },
    "query": "SELECT r.r_name, COUNT(n.n_nationkey) AS num_nations FROM region r JOIN nation n ON r.r_regionkey = n.n_regionkey GROUP BY r.r_name ORDER BY num_nations DESC",
    "query_id": 0
  },
  {
    "Plan": {
      "Plan": {
        "Node Type": "Sort",
        "Parallel Aware": false,
        "Startup Cost": 5524.01,
        "Total Cost": 5524.02,
        "Plan Rows": 5,
        "Plan Width": 43,
        "Sort Key": [
          "(avg(c_acctbal)) DESC"
        ],
        "Plans": [
          {
            "Node Type": "Aggregate",
            "Strategy": "Sorted",
            "Partial Mode": "Finalize",
            "Parent Relationship": "Outer",
            "Parallel Aware": false,
            "Startup Cost": 5522.64,
            "Total Cost": 5523.95,
            "Plan Rows": 5,
            "Plan Width": 43,
            "Group Key": [
              "c_mktsegment"
            ],
            "Plans": [
              {
                "Node Type": "Gather Merge",
                "Parent Relationship": "Outer",
                "Parallel Aware": false,
                "Startup Cost": 5522.64,
                "Total Cost": 5523.81,
                "Plan Rows": 10,
                "Plan Width": 43,
                "Workers Planned": 2,
                "Plans": [
                  {
                    "Node Type": "Sort",
                    "Parent Relationship": "Outer",
                    "Parallel Aware": false,
                    "Startup Cost": 4522.62,
                    "Total Cost": 4522.63,
                    "Plan Rows": 5,
                    "Plan Width": 43,
                    "Sort Key": [
                      "c_mktsegment"
                    ],
                    "Plans": [
                      {
                        "Node Type": "Aggregate",
                        "Strategy": "Hashed",
                        "Partial Mode": "Partial",
                        "Parent Relationship": "Outer",
                        "Parallel Aware": false,
                        "Startup Cost": 4522.5,
                        "Total Cost": 4522.56,
                        "Plan Rows": 5,
                        "Plan Width": 43,
                        "Group Key": [
                          "c_mktsegment"
                        ],
                        "Plans": [
                          {
                            "Node Type": "Seq Scan",
                            "Parent Relationship": "Outer",
                            "Parallel Aware": true,
                            "Relation Name": "customer",
                            "Alias": "c",
                            "Startup Cost": 0.0,
                            "Total Cost": 4210.0,
                            "Plan Rows": 62500,
                            "Plan Width": 17
                          }
                        ]
                      }
                    ]
                  }
                ]
              }
            ]
          }
        ]
      }
    },
    "query": "SELECT c.c_mktsegment, AVG(c.c_acctbal) AS avg_acctbal FROM customer c GROUP BY c.c_mktsegment ORDER BY avg_acctbal DESC",
    "query_id": 1
  },
  {
    "Plan": {
      "Plan": {
        "Node Type": "Sort",
        "Parallel Aware": false,
        "Startup Cost": 34094.38,
        "Total Cost": 34094.76,
        "Plan Rows": 150,
        "Plan Width": 29,
        "Sort Key": [
          "(sum(ps.ps_availqty)) DESC"
        ],
        "Plans": [
          {
            "Node Type": "Aggregate",
            "Strategy": "Sorted",
            "Partial Mode": "Finalize",
            "Parent Relationship": "Outer",
            "Parallel Aware": false,
            "Startup Cost": 34050.96,
            "Total Cost": 34088.96,
            "Plan Rows": 150,
            "Plan Width": 29,
            "Group Key": [
              "p.p_type"
            ],
            "Plans": [
              {
                "Node Type": "Gather Merge",
                "Parent Relationship": "Outer",
                "Parallel Aware": false,
                "Startup Cost": 34050.96,
                "Total Cost": 34085.96,
                "Plan Rows": 300,
                "Plan Width": 29,
                "Workers Planned": 2,
                "Plans": [
                  {
                    "Node Type": "Sort",
                    "Parent Relationship": "Outer",
                    "Parallel Aware": false,
                    "Startup Cost": 33050.94,
                    "Total Cost": 33051.31,
                    "Plan Rows": 150,
                    "Plan Width": 29,
                    "Sort Key": [
                      "p.p_type"
                    ],
                    "Plans": [
                      {
                        "Node Type": "Aggregate",
                        "Strategy": "Hashed",
                        "Partial Mode": "Partial",
                        "Parent Relationship": "Outer",
                        "Parallel Aware": false,
                        "Startup Cost": 33044.02,
                        "Total Cost": 33045.52,
                        "Plan Rows": 150,
                        "Plan Width": 29,
                        "Group Key": [
                          "p.p_type"
                        ],
                        "Plans": [
                          {
                            "Node Type": "Hash Join",
                            "Parent Relationship": "Outer",
                            "Parallel Aware": true,
                            "Join Type": "Inner",
                            "Startup Cost": 6542.0,
                            "Total Cost": 31377.35,
                            "Plan Rows": 333333,
                            "Plan Width": 25,
                            "Inner Unique": true,
                            "Hash Cond": "(ps.ps_partkey = p.p_partkey)",
                            "Plans": [
                              {
                                "Node Type": "Seq Scan",
                                "Parent Relationship": "Outer",
                                "Parallel Aware": true,
                                "Relation Name": "partsupp",
                                "Alias": "ps",
                                "Startup Cost": 0.0,
                                "Total Cost": 20784.33,
                                "Plan Rows": 333333,
                                "Plan Width": 8
                              },
                              {
                                "Node Type": "Hash",
                                "Parent Relationship": "Inner",
                                "Parallel Aware": true,
                                "Startup Cost": 4930.33,
                                "Total Cost": 4930.33,
                                "Plan Rows": 83333,
                                "Plan Width": 25,
                                "Plans": [
                                  {
                                    "Node Type": "Seq Scan",
                                    "Parent Relationship": "Outer",
                                    "Parallel Aware": true,
                                    "Relation Name": "part",
                                    "Alias": "p",
                                    "Startup Cost": 0.0,
                                    "Total Cost": 4930.33,
                                    "Plan Rows": 83333,
                                    "Plan Width": 25
                                  }
                                ]
                              }
                            ]
                          }
                        ]
                      }
                    ]
                  }
                ]
              }
            ]
          }
        ]
      }
    },
    "query": "SELECT p.p_type, SUM(ps.ps_availqty) AS total_avail_qty FROM part p JOIN partsupp ps ON p.p_partkey = ps.ps_partkey GROUP BY p.p_type ORDER BY total_avail_qty DESC",
    "query_id": 2
  },
  {
    "Plan": {
      "Plan": {
        "Node Type": "Sort",
        "Parallel Aware": false,
        "Startup Cost": 636306.25,
        "Total Cost": 636317.73,
        "Plan Rows": 4592,
        "Plan Width": 34,
        "Sort Key": [
          "(count(DISTINCT l.l_orderkey)) DESC"
        ],
        "Plans": [
          {
            "Node Type": "Aggregate",
            "Strategy": "Sorted",
            "Partial Mode": "Simple",
            "Parent Relationship": "Outer",
            "Parallel Aware": false,
            "Startup Cost": 615313.65,
            "Total Cost": 636026.94,
            "Plan Rows": 4592,
            "Plan Width": 34,
            "Group Key": [
              "s.s_name"
            ],
            "Plans": [
              {
                "Node Type": "Sort",
                "Parent Relationship": "Outer",
                "Parallel Aware": false,
                "Startup Cost": 615313.65,
                "Total Cost": 622202.78,
                "Plan Rows": 2755649,
                "Plan Width": 30,
                "Sort Key": [
                  "s.s_name"
                ],
                "Plans": [
                  {
                    "Node Type": "Hash Join",
                    "Parent Relationship": "Outer",
                    "Parallel Aware": false,
                    "Join Type": "Inner",
                    "Startup Cost": 404.4,
                    "Total Cost": 188676.42,
                    "Plan Rows": 2755649,
                    "Plan Width": 30,
                    "Inner Unique": true,
                    "Hash Cond": "(l.l_suppkey = s.s_suppkey)",
                    "Plans": [
                      {
                        "Node Type": "Seq Scan",
                        "Parent Relationship": "Outer",
                        "Parallel Aware": false,
                        "Relation Name": "lineitem",
                        "Alias": "l",
                        "Startup Cost": 0.0,
                        "Total Cost": 172512.78,
                        "Plan Rows": 6000978,
                        "Plan Width": 8
                      },
                      {
                        "Node Type": "Hash",
                        "Parent Relationship": "Inner",
                        "Parallel Aware": false,
                        "Startup Cost": 347.0,
                        "Total Cost": 347.0,
                        "Plan Rows": 4592,
                        "Plan Width": 30,
                        "Plans": [
                          {
                            "Node Type": "Seq Scan",
                            "Parent Relationship": "Outer",
                            "Parallel Aware": false,
                            "Relation Name": "supplier",
                            "Alias": "s",
                            "Startup Cost": 0.0,
                            "Total Cost": 347.0,
                            "Plan Rows": 4592,
                            "Plan Width": 30,
                            "Filter": "(s_acctbal > '5000'::numeric)"
                          }
                        ]
                      }
                    ]
                  }
                ]
              }
            ]
          }
        ]
      },
      "JIT": {
        "Worker Number": -1,
        "Functions": 18,
        "Options": {
          "Inlining": true,
          "Optimization": true,
          "Expressions": true,
          "Deforming": true
        }
      }
    },
    "query": "SELECT s.s_name, COUNT(DISTINCT l.l_orderkey) AS num_orders FROM supplier s JOIN lineitem l ON s.s_suppkey = l.l_suppkey WHERE s.s_acctbal > 5000 GROUP BY s.s_name ORDER BY num_orders DESC",
    "query_id": 3
  },
  {
    "Plan": {
      "Plan": {
        "Node Type": "Sort",
        "Parallel Aware": false,
        "Startup Cost": 36427.08,
        "Total Cost": 36427.09,
        "Plan Rows": 5,
        "Plan Width": 24,
        "Sort Key": [
          "(count(*)) DESC"
        ],
        "Plans": [
          {
            "Node Type": "Aggregate",
            "Strategy": "Sorted",
            "Partial Mode": "Finalize",
            "Parent Relationship": "Outer",
            "Parallel Aware": false,
            "Startup Cost": 36425.76,
            "Total Cost": 36427.02,
            "Plan Rows": 5,
            "Plan Width": 24,
            "Group Key": [
              "o_orderpriority"
            ],
            "Plans": [
              {
                "Node Type": "Gather Merge",
                "Parent Relationship": "Outer",
                "Parallel Aware": false,
                "Startup Cost": 36425.76,
                "Total Cost": 36426.92,
                "Plan Rows": 10,
                "Plan Width": 24,
                "Workers Planned": 2,
                "Plans": [
                  {
                    "Node Type": "Sort",
                    "Parent Relationship": "Outer",
                    "Parallel Aware": false,
                    "Startup Cost": 35425.73,
                    "Total Cost": 35425.75,
                    "Plan Rows": 5,
                    "Plan Width": 24,
                    "Sort Key": [
                      "o_orderpriority"
                    ],
                    "Plans": [
                      {
                        "Node Type": "Aggregate",
                        "Strategy": "Hashed",
                        "Partial Mode": "Partial",
                        "Parent Relationship": "Outer",
                        "Parallel Aware": false,
                        "Startup Cost": 35425.62,
                        "Total Cost": 35425.68,
                        "Plan Rows": 5,
                        "Plan Width": 24,
                        "Group Key": [
                          "o_orderpriority"
                        ],
                        "Plans": [
                          {
                            "Node Type": "Seq Scan",
                            "Parent Relationship": "Outer",
                            "Parallel Aware": true,
                            "Relation Name": "orders",
                            "Alias": "o",
                            "Startup Cost": 0.0,
                            "Total Cost": 33907.5,
                            "Plan Rows": 303625,
                            "Plan Width": 16,
                            "Filter": "(o_orderstatus = 'F'::bpchar)"
                          }
                        ]
                      }
                    ]
                  }
                ]
              }
            ]
          }
        ]
      }
    },
    "query": "SELECT o.o_orderpriority, COUNT(*) AS num_orders FROM orders o WHERE o.o_orderstatus = 'F' GROUP BY o.o_orderpriority ORDER BY num_orders DESC",
    "query_id": 4
  },
  {
    "Plan": {
      "Plan": {
        "Node Type": "Sort",
        "Parallel Aware": false,
        "Startup Cost": 472468.44,
        "Total Cost": 472843.44,
        "Plan Rows": 150000,
        "Plan Width": 51,
        "Sort Key": [
          "(sum((l.l_extendedprice * ('1'::numeric - l.l_discount)))) DESC"
        ],
        "Plans": [
          {
            "Node Type": "Aggregate",
            "Strategy": "Sorted",
            "Partial Mode": "Finalize",
            "Parent Relationship": "Outer",
            "Parallel Aware": false,
            "Startup Cost": 398633.82,
            "Total Cost": 454444.98,
            "Plan Rows": 150000,
            "Plan Width": 51,
            "Group Key": [
              "c.c_name"
            ],
            "Plans": [
              {
                "Node Type": "Gather Merge",
                "Parent Relationship": "Outer",
                "Parallel Aware": false,
                "Startup Cost": 398633.82,
                "Total Cost": 450319.98,
                "Plan Rows": 300000,
                "Plan Width": 51,
                "Workers Planned": 2,
                "Plans": [
                  {
                    "Node Type": "Aggregate",
                    "Strategy": "Sorted",
                    "Partial Mode": "Partial",
                    "Parent Relationship": "Outer",
                    "Parallel Aware": false,
                    "Startup Cost": 397633.79,
                    "Total Cost": 414692.52,
                    "Plan Rows": 150000,
                    "Plan Width": 51,
                    "Group Key": [
                      "c.c_name"
                    ],
                    "Plans": [
                      {
                        "Node Type": "Sort",
                        "Parent Relationship": "Outer",
                        "Parallel Aware": false,
                        "Startup Cost": 397633.79,
                        "Total Cost": 400670.54,
                        "Plan Rows": 1214698,
                        "Plan Width": 31,
                        "Sort Key": [
                          "c.c_name"
                        ],
                        "Plans": [
                          {
                            "Node Type": "Hash Join",
                            "Parent Relationship": "Outer",
                            "Parallel Aware": true,
                            "Join Type": "Inner",
                            "Startup Cost": 43881.06,
                            "Total Cost": 216747.4,
                            "Plan Rows": 1214698,
                            "Plan Width": 31,
                            "Inner Unique": true,
                            "Hash Cond": "(o.o_custkey = c.c_custkey)",
                            "Plans": [
                              {
                                "Node Type": "Hash Join",
                                "Parent Relationship": "Outer",
                                "Parallel Aware": true,
                                "Join Type": "Inner",
                                "Startup Cost": 38889.81,
                                "Total Cost": 208567.48,
                                "Plan Rows": 1214698,
                                "Plan Width": 16,
                                "Inner Unique": true,
                                "Hash Cond": "(l.l_orderkey = o.o_orderkey)",
                                "Plans": [
                                  {
                                    "Node Type": "Seq Scan",
                                    "Parent Relationship": "Outer",
                                    "Parallel Aware": true,
                                    "Relation Name": "lineitem",
                                    "Alias": "l",
                                    "Startup Cost": 0.0,
                                    "Total Cost": 137507.08,
                                    "Plan Rows": 2500408,
                                    "Plan Width": 16
                                  },
                                  {
                                    "Node Type": "Hash",
                                    "Parent Relationship": "Inner",
                                    "Parallel Aware": true,
                                    "Startup Cost": 33907.5,
                                    "Total Cost": 33907.5,
                                    "Plan Rows": 303625,
                                    "Plan Width": 8,
                                    "Plans": [
                                      {
                                        "Node Type": "Seq Scan",
                                        "Parent Relationship": "Outer",
                                        "Parallel Aware": true,
                                        "Relation Name": "orders",
                                        "Alias": "o",
                                        "Startup Cost": 0.0,
                                        "Total Cost": 33907.5,
                                        "Plan Rows": 303625,
                                        "Plan Width": 8,
                                        "Filter": "(o_orderstatus = 'F'::bpchar)"
                                      }
                                    ]
                                  }
                                ]
                              },
                              {
                                "Node Type": "Hash",
                                "Parent Relationship": "Inner",
                                "Parallel Aware": true,
                                "Startup Cost": 4210.0,
                                "Total Cost": 4210.0,
                                "Plan Rows": 62500,
                                "Plan Width": 23,
                                "Plans": [
                                  {
                                    "Node Type": "Seq Scan",
                                    "Parent Relationship": "Outer",
                                    "Parallel Aware": true,
                                    "Relation Name": "customer",
                                    "Alias": "c",
                                    "Startup Cost": 0.0,
                                    "Total Cost": 4210.0,
                                    "Plan Rows": 62500,
                                    "Plan Width": 23
                                  }
                                ]
                              }
                            ]
                          }
                        ]
                      }
                    ]
                  }
                ]
              }
            ]
          }
        ]
      },
      "JIT": {
        "Worker Number": -1,
        "Functions": 28,
        "Options": {
          "Inlining": false,
          "Optimization": false,
          "Expressions": true,
          "Deforming": true
        }
      }
    },
    "query": "SELECT c.c_name, SUM(l.l_extendedprice * (1 - l.l_discount)) AS total_revenue FROM customer c JOIN orders o ON c.c_custkey = o.o_custkey JOIN lineitem l ON o.o_orderkey = l.l_orderkey WHERE o.o_orderstatus = 'F' GROUP BY c.c_name ORDER BY total_revenue DESC",
    "query_id": 5
  },
  {
    "Plan": {
      "Plan": {
        "Node Type": "Sort",
        "Parallel Aware": false,
        "Startup Cost": 360959.08,
        "Total Cost": 360959.14,
        "Plan Rows": 25,
        "Plan Width": 19,
        "Sort Key": [
          "(count(DISTINCT l.l_orderkey)) DESC"
        ],
        "Plans": [
          {
            "Node Type": "Aggregate",
            "Strategy": "Sorted",
            "Partial Mode": "Simple",
            "Parent Relationship": "Outer",
            "Parallel Aware": false,
            "Startup Cost": 351148.23,
            "Total Cost": 360958.5,
            "Plan Rows": 25,
            "Plan Width": 19,
            "Group Key": [
              "p.p_brand"
            ],
            "Plans": [
              {
                "Node Type": "Sort",
                "Parent Relationship": "Outer",
                "Parallel Aware": false,
                "Startup Cost": 351148.23,
                "Total Cost": 354418.24,
                "Plan Rows": 1308003,
                "Plan Width": 15,
                "Sort Key": [
                  "p.p_brand"
                ],
                "Plans": [
                  {
                    "Node Type": "Hash Join",
                    "Parent Relationship": "Outer",
                    "Parallel Aware": false,
                    "Join Type": "Inner",
                    "Startup Cost": 7641.91,
                    "Total Cost": 195907.59,
                    "Plan Rows": 1308003,
                    "Plan Width": 15,
                    "Inner Unique": true,
                    "Hash Cond": "(l.l_partkey = p.p_partkey)",
                    "Plans": [
                      {
                        "Node Type": "Seq Scan",
                        "Parent Relationship": "Outer",
                        "Parallel Aware": false,
                        "Relation Name": "lineitem",
                        "Alias": "l",
                        "Startup Cost": 0.0,
                        "Total Cost": 172512.78,
                        "Plan Rows": 6000978,
                        "Plan Width": 8
                      },
                      {
                        "Node Type": "Hash",
                        "Parent Relationship": "Inner",
                        "Parallel Aware": false,
                        "Startup Cost": 7097.0,
                        "Total Cost": 7097.0,
                        "Plan Rows": 43593,
                        "Plan Width": 15,
                        "Plans": [
                          {
                            "Node Type": "Seq Scan",
                            "Parent Relationship": "Outer",
                            "Parallel Aware": false,
                            "Relation Name": "part",
                            "Alias": "p",
                            "Startup Cost": 0.0,
                            "Total Cost": 7097.0,
                            "Plan Rows": 43593,
                            "Plan Width": 15,
                            "Filter": "((p_size >= 10) AND (p_size <= 20))"
                          }
                        ]
                      }
                    ]
                  }
                ]
              }
            ]
          }
        ]
      },
      "JIT": {
        "Worker Number": -1,
        "Functions": 18,
        "Options": {
          "Inlining": false,
          "Optimization": false,
          "Expressions": true,
          "Deforming": true
        }
      }
    },
    "query": "SELECT p.p_brand, COUNT(DISTINCT l.l_orderkey) AS num_orders FROM part p JOIN lineitem l ON p.p_partkey = l.l_partkey WHERE p.p_size BETWEEN 10 AND 20 GROUP BY p.p_brand ORDER BY num_orders DESC",
    "query_id": 6
  },
  {
    "Plan": {
      "Plan": {
        "Node Type": "Sort",
        "Parallel Aware": false,
        "Startup Cost": 233235.37,
        "Total Cost": 233235.79,
        "Plan Rows": 170,
        "Plan Width": 136,
        "Sort Key": [
          "(sum((l.l_extendedprice * ('1'::numeric - l.l_discount)))) DESC"
        ],
        "Plans": [
          {
            "Node Type": "Aggregate",
            "Strategy": "Sorted",
            "Partial Mode": "Finalize",
            "Parent Relationship": "Outer",
            "Parallel Aware": false,
            "Startup Cost": 233184.72,
            "Total Cost": 233229.07,
            "Plan Rows": 170,
            "Plan Width": 136,
            "Group Key": [
              "n.n_name"
            ],
            "Plans": [
              {
                "Node Type": "Gather Merge",
                "Parent Relationship": "Outer",
                "Parallel Aware": false,
                "Startup Cost": 233184.72,
                "Total Cost": 233224.39,
                "Plan Rows": 340,
                "Plan Width": 136,
                "Workers Planned": 2,
                "Plans": [
                  {
                    "Node Type": "Sort",
                    "Parent Relationship": "Outer",
                    "Parallel Aware": false,
                    "Startup Cost": 232184.7,
                    "Total Cost": 232185.13,
                    "Plan Rows": 170,
                    "Plan Width": 136,
                    "Sort Key": [
                      "n.n_name"
                    ],
                    "Plans": [
                      {
                        "Node Type": "Aggregate",
                        "Strategy": "Hashed",
                        "Partial Mode": "Partial",
                        "Parent Relationship": "Outer",
                        "Parallel Aware": false,
                        "Startup Cost": 232176.28,
                        "Total Cost": 232178.4,
                        "Plan Rows": 170,
                        "Plan Width": 136,
                        "Group Key": [
                          "n.n_name"
                        ],
                        "Plans": [
                          {
                            "Node Type": "Hash Join",
                            "Parent Relationship": "Outer",
                            "Parallel Aware": false,
                            "Join Type": "Inner",
                            "Startup Cost": 43894.89,
                            "Total Cost": 220029.3,
                            "Plan Rows": 1214698,
                            "Plan Width": 116,
                            "Inner Unique": true,
                            "Hash Cond": "(c.c_nationkey = n.n_nationkey)",
                            "Plans": [
                              {
                                "Node Type": "Hash Join",
                                "Parent Relationship": "Outer",
                                "Parallel Aware": true,
                                "Join Type": "Inner",
                                "Startup Cost": 43881.06,
                                "Total Cost": 216747.4,
                                "Plan Rows": 1214698,
                                "Plan Width": 16,
                                "Inner Unique": true,
                                "Hash Cond": "(o.o_custkey = c.c_custkey)",
                                "Plans": [
                                  {
                                    "Node Type": "Hash Join",
                                    "Parent Relationship": "Outer",
                                    "Parallel Aware": true,
                                    "Join Type": "Inner",
                                    "Startup Cost": 38889.81,
                                    "Total Cost": 208567.48,
                                    "Plan Rows": 1214698,
                                    "Plan Width": 16,
                                    "Inner Unique": true,
                                    "Hash Cond": "(l.l_orderkey = o.o_orderkey)",
                                    "Plans": [
                                      {
                                        "Node Type": "Seq Scan",
                                        "Parent Relationship": "Outer",
                                        "Parallel Aware": true,
                                        "Relation Name": "lineitem",
                                        "Alias": "l",
                                        "Startup Cost": 0.0,
                                        "Total Cost": 137507.08,
                                        "Plan Rows": 2500408,
                                        "Plan Width": 16
                                      },
                                      {
                                        "Node Type": "Hash",
                                        "Parent Relationship": "Inner",
                                        "Parallel Aware": true,
                                        "Startup Cost": 33907.5,
                                        "Total Cost": 33907.5,
                                        "Plan Rows": 303625,
                                        "Plan Width": 8,
                                        "Plans": [
                                          {
                                            "Node Type": "Seq Scan",
                                            "Parent Relationship": "Outer",
                                            "Parallel Aware": true,
                                            "Relation Name": "orders",
                                            "Alias": "o",
                                            "Startup Cost": 0.0,
                                            "Total Cost": 33907.5,
                                            "Plan Rows": 303625,
                                            "Plan Width": 8,
                                            "Filter": "(o_orderstatus = 'F'::bpchar)"
                                          }
                                        ]
                                      }
                                    ]
                                  },
                                  {
                                    "Node Type": "Hash",
                                    "Parent Relationship": "Inner",
                                    "Parallel Aware": true,
                                    "Startup Cost": 4210.0,
                                    "Total Cost": 4210.0,
                                    "Plan Rows": 62500,
                                    "Plan Width": 8,
                                    "Plans": [
                                      {
                                        "Node Type": "Seq Scan",
                                        "Parent Relationship": "Outer",
                                        "Parallel Aware": true,
                                        "Relation Name": "customer",
                                        "Alias": "c",
                                        "Startup Cost": 0.0,
                                        "Total Cost": 4210.0,
                                        "Plan Rows": 62500,
                                        "Plan Width": 8
                                      }
                                    ]
                                  }
                                ]
                              },
                              {
                                "Node Type": "Hash",
                                "Parent Relationship": "Inner",
                                "Parallel Aware": false,
                                "Startup Cost": 11.7,
                                "Total Cost": 11.7,
                                "Plan Rows": 170,
                                "Plan Width": 108,
                                "Plans": [
                                  {
                                    "Node Type": "Seq Scan",
                                    "Parent Relationship": "Outer",
                                    "Parallel Aware": false,
                                    "Relation Name": "nation",
                                    "Alias": "n",
                                    "Startup Cost": 0.0,
                                    "Total Cost": 11.7,
                                    "Plan Rows": 170,
                                    "Plan Width": 108
                                  }
                                ]
                              }
                            ]
                          }
                        ]
                      }
                    ]
                  }
                ]
              }
            ]
          }
        ]
      },
      "JIT": {
        "Worker Number": -1,
        "Functions": 33,
        "Options": {
          "Inlining": false,
          "Optimization": false,
          "Expressions": true,
          "Deforming": true
        }
      }
    },
    "query": "SELECT n.n_name, SUM(l.l_extendedprice * (1 - l.l_discount)) AS total_revenue FROM nation n JOIN customer c ON n.n_nationkey = c.c_nationkey JOIN orders o ON c.c_custkey = o.o_custkey JOIN lineitem l ON o.o_orderkey = l.l_orderkey WHERE o.o_orderstatus = 'F' GROUP BY n.n_name ORDER BY total_revenue DESC",
    "query_id": 7
  },
  {
    "Plan": {
      "Plan": {
        "Node Type": "Sort",
        "Parallel Aware": false,
        "Startup Cost": 156940.05,
        "Total Cost": 156965.05,
        "Plan Rows": 10000,
        "Plan Width": 58,
        "Sort Key": [
          "(sum((l.l_extendedprice * ('1'::numeric - l.l_discount)))) DESC"
        ],
        "Plans": [
          {
            "Node Type": "Aggregate",
            "Strategy": "Sorted",
            "Partial Mode": "Finalize",
            "Parent Relationship": "Outer",
            "Parallel Aware": false,
            "Startup Cost": 153667.17,
            "Total Cost": 156275.66,
            "Plan Rows": 10000,
            "Plan Width": 58,
            "Group Key": [
              "s.s_name"
            ],
            "Plans": [
              {
                "Node Type": "Gather Merge",
                "Parent Relationship": "Outer",
                "Parallel Aware": false,
                "Startup Cost": 153667.17,
                "Total Cost": 156000.66,
                "Plan Rows": 20000,
                "Plan Width": 58,
                "Workers Planned": 2,
                "Plans": [
                  {
                    "Node Type": "Sort",
                    "Parent Relationship": "Outer",
                    "Parallel Aware": false,
                    "Startup Cost": 152667.14,
                    "Total Cost": 152692.14,
                    "Plan Rows": 10000,
                    "Plan Width": 58,
                    "Sort Key": [
                      "s.s_name"
                    ],
                    "Plans": [
                      {
                        "Node Type": "Aggregate",
                        "Strategy": "Hashed",
                        "Partial Mode": "Partial",
                        "Parent Relationship": "Outer",
                        "Parallel Aware": false,
                        "Startup Cost": 151877.76,
                        "Total Cost": 152002.76,
                        "Plan Rows": 10000,
                        "Plan Width": 58,
                        "Group Key": [
                          "s.s_name"
                        ],
                        "Plans": [
                          {
                            "Node Type": "Hash Join",
                            "Parent Relationship": "Outer",
                            "Parallel Aware": false,
                            "Join Type": "Inner",
                            "Startup Cost": 447.0,
                            "Total Cost": 145800.94,
                            "Plan Rows": 607682,
                            "Plan Width": 38,
                            "Inner Unique": true,
                            "Hash Cond": "(l.l_suppkey = s.s_suppkey)",
                            "Plans": [
                              {
                                "Node Type": "Seq Scan",
                                "Parent Relationship": "Outer",
                                "Parallel Aware": true,
                                "Relation Name": "lineitem",
                                "Alias": "l",
                                "Startup Cost": 0.0,
                                "Total Cost": 143758.09,
                                "Plan Rows": 607682,
                                "Plan Width": 16,
                                "Filter": "(l_returnflag = 'R'::bpchar)"
                              },
                              {
                                "Node Type": "Hash",
                                "Parent Relationship": "Inner",
                                "Parallel Aware": false,
                                "Startup Cost": 322.0,
                                "Total Cost": 322.0,
                                "Plan Rows": 10000,
                                "Plan Width": 30,
                                "Plans": [
                                  {
                                    "Node Type": "Seq Scan",
                                    "Parent Relationship": "Outer",
                                    "Parallel Aware": false,
                                    "Relation Name": "supplier",
                                    "Alias": "s",
                                    "Startup Cost": 0.0,
                                    "Total Cost": 322.0,
                                    "Plan Rows": 10000,
                                    "Plan Width": 30
                                  }
                                ]
                              }
                            ]
                          }
                        ]
                      }
                    ]
                  }
                ]
              }
            ]
          }
        ]
      },
      "JIT": {
        "Worker Number": -1,
        "Functions": 18,
        "Options": {
          "Inlining": false,
          "Optimization": false,
          "Expressions": true,
          "Deforming": true
        }
      }
    },
    "query": "SELECT s.s_name, SUM(l.l_extendedprice * (1 - l.l_discount)) AS total_revenue FROM supplier s JOIN lineitem l ON s.s_suppkey = l.l_suppkey WHERE l.l_returnflag = 'R' GROUP BY s.s_name ORDER BY total_revenue DESC",
    "query_id": 8
  },
  {
    "Plan": {
      "Plan": {
        "Node Type": "Sort",
        "Parallel Aware": false,
        "Startup Cost": 30311.1,
        "Total Cost": 30311.2,
        "Plan Rows": 40,
        "Plan Width": 43,
        "Sort Key": [
          "(avg(ps.ps_supplycost)) DESC"
        ],
        "Plans": [
          {
            "Node Type": "Aggregate",
            "Strategy": "Sorted",
            "Partial Mode": "Finalize",
            "Parent Relationship": "Outer",
            "Parallel Aware": false,
            "Startup Cost": 30299.6,
            "Total Cost": 30310.04,
            "Plan Rows": 40,
            "Plan Width": 43,
            "Group Key": [
              "p.p_container"
            ],
            "Plans": [
              {
                "Node Type": "Gather Merge",
                "Parent Relationship": "Outer",
                "Parallel Aware": false,
                "Startup Cost": 30299.6,
                "Total Cost": 30308.94,
                "Plan Rows": 80,
                "Plan Width": 43,
                "Workers Planned": 2,
                "Plans": [
                  {
                    "Node Type": "Sort",
                    "Parent Relationship": "Outer",
                    "Parallel Aware": false,
                    "Startup Cost": 29299.58,
                    "Total Cost": 29299.68,
                    "Plan Rows": 40,
                    "Plan Width": 43,
                    "Sort Key": [
                      "p.p_container"
                    ],
                    "Plans": [
                      {
                        "Node Type": "Aggregate",
                        "Strategy": "Hashed",
                        "Partial Mode": "Partial",
                        "Parent Relationship": "Outer",
                        "Parallel Aware": false,
                        "Startup Cost": 29298.02,
                        "Total Cost": 29298.52,
                        "Plan Rows": 40,
                        "Plan Width": 43,
                        "Group Key": [
                          "p.p_container"
                        ],
                        "Plans": [
                          {
                            "Node Type": "Hash Join",
                            "Parent Relationship": "Outer",
                            "Parallel Aware": true,
                            "Join Type": "Inner",
                            "Startup Cost": 5972.0,
                            "Total Cost": 27631.35,
                            "Plan Rows": 333333,
                            "Plan Width": 17,
                            "Inner Unique": true,
                            "Hash Cond": "(ps.ps_partkey = p.p_partkey)",
                            "Plans": [
                              {
                                "Node Type": "Seq Scan",
                                "Parent Relationship": "Outer",
                                "Parallel Aware": true,
                                "Relation Name": "partsupp",
                                "Alias": "ps",
                                "Startup Cost": 0.0,
                                "Total Cost": 20784.33,
                                "Plan Rows": 333333,
                                "Plan Width": 10
                              },
                              {
                                "Node Type": "Hash",
                                "Parent Relationship": "Inner",
                                "Parallel Aware": true,
                                "Startup Cost": 4930.33,
                                "Total Cost": 4930.33,
                                "Plan Rows": 83333,
                                "Plan Width": 15,
                                "Plans": [
                                  {
                                    "Node Type": "Seq Scan",
                                    "Parent Relationship": "Outer",
                                    "Parallel Aware": true,
                                    "Relation Name": "part",
                                    "Alias": "p",
                                    "Startup Cost": 0.0,
                                    "Total Cost": 4930.33,
                                    "Plan Rows": 83333,
                                    "Plan Width": 15
                                  }
                                ]
                              }
                            ]
                          }
                        ]
                      }
                    ]
                  }
                ]
              }
            ]
          }
        ]
      }
    },
    "query": "SELECT p.p_container, AVG(ps.ps_supplycost) AS avg_supplycost FROM part p JOIN partsupp ps ON p.p_partkey = ps.ps_partkey GROUP BY p.p_container ORDER BY avg_supplycost DESC",
    "query_id": 9
  },
  {
    "Plan": {
      "Plan": {
        "Node Type": "Sort",
        "Parallel Aware": false,
        "Startup Cost": 2069.46,
        "Total Cost": 2075.47,
        "Plan Rows": 2406,
        "Plan Width": 16,
        "Sort Key": [
          "(date_part('year'::text, (o.o_orderdate)::timestamp without time zone))"
        ],
        "Plans": [
          {
            "Node Type": "Aggregate",
            "Strategy": "Hashed",
            "Partial Mode": "Simple",
            "Parent Relationship": "Outer",
            "Parallel Aware": false,
            "Startup Cost": 1898.24,
            "Total Cost": 1934.33,
            "Plan Rows": 2406,
            "Plan Width": 16,
            "Group Key": [
              "date_part('year'::text, (o.o_orderdate)::timestamp without time zone)"
            ],
            "Plans": [
              {
                "Node Type": "Nested Loop",
                "Parent Relationship": "Outer",
                "Parallel Aware": false,
                "Join Type": "Inner",
                "Startup Cost": 282.22,
                "Total Cost": 1854.14,
                "Plan Rows": 8820,
                "Plan Width": 8,
                "Inner Unique": false,
                "Plans": [
                  {
                    "Node Type": "Aggregate",
                    "Strategy": "Hashed",
                    "Partial Mode": "Simple",
                    "Parent Relationship": "Outer",
                    "Parallel Aware": false,
                    "Startup Cost": 281.79,
                    "Total Cost": 290.61,
                    "Plan Rows": 882,
                    "Plan Width": 4,
                    "Group Key": [
                      "c.c_custkey"
                    ],
                    "Plans": [
                      {
                        "Node Type": "Nested Loop",
                        "Parent Relationship": "Outer",
                        "Parallel Aware": false,
                        "Join Type": "Inner",
                        "Startup Cost": 20.72,
                        "Total Cost": 279.59,
                        "Plan Rows": 882,
                        "Plan Width": 4,
                        "Inner Unique": false,
                        "Plans": [
                          {
                            "Node Type": "Aggregate",
                            "Strategy": "Hashed",
                            "Partial Mode": "Simple",
                            "Parent Relationship": "Outer",
                            "Parallel Aware": false,
                            "Startup Cost": 20.3,
                            "Total Cost": 20.31,
                            "Plan Rows": 1,
                            "Plan Width": 4,
                            "Group Key": [
                              "n.n_nationkey"
                            ],
                            "Plans": [
                              {
                                "Node Type": "Nested Loop",
                                "Parent Relationship": "Outer",
                                "Parallel Aware": false,
                                "Join Type": "Inner",
                                "Startup Cost": 0.14,
                                "Total Cost": 20.3,
                                "Plan Rows": 1,
                                "Plan Width": 4,
                                "Inner Unique": false,
                                "Plans": [
                                  {
                                    "Node Type": "Seq Scan",
                                    "Parent Relationship": "Outer",
                                    "Parallel Aware": false,
                                    "Relation Name": "region",
                                    "Alias": "r",
                                    "Startup Cost": 0.0,
                                    "Total Cost": 12.12,
                                    "Plan Rows": 1,
                                    "Plan Width": 4,
                                    "Filter": "(r_name = 'ASIA'::bpchar)"
                                  },
                                  {
                                    "Node Type": "Index Scan",
                                    "Parent Relationship": "Inner",
                                    "Parallel Aware": false,
                                    "Scan Direction": "Forward",
                                    "Index Name": "n_rk",
                                    "Relation Name": "nation",
                                    "Alias": "n",
                                    "Startup Cost": 0.14,
                                    "Total Cost": 8.16,
                                    "Plan Rows": 1,
                                    "Plan Width": 8,
                                    "Index Cond": "(n_regionkey = r.r_regionkey)"
                                  }
                                ]
                              }
                            ]
                          },
                          {
                            "Node Type": "Index Scan",
                            "Parent Relationship": "Inner",
                            "Parallel Aware": false,
                            "Scan Direction": "Forward",
                            "Index Name": "c_nk",
                            "Relation Name": "customer",
                            "Alias": "c",
                            "Startup Cost": 0.42,
                            "Total Cost": 199.28,
                            "Plan Rows": 6000,
                            "Plan Width": 8,
                            "Index Cond": "(c_nationkey = n.n_nationkey)"
                          }
                        ]
                      }
                    ]
                  },
                  {
                    "Node Type": "Index Scan",
                    "Parent Relationship": "Inner",
                    "Parallel Aware": false,
                    "Scan Direction": "Forward",
                    "Index Name": "o_ck",
                    "Relation Name": "orders",
                    "Alias": "o",
                    "Startup Cost": 0.43,
                    "Total Cost": 1.55,
                    "Plan Rows": 17,
                    "Plan Width": 8,
                    "Index Cond": "(o_custkey = c.c_custkey)"
                  }
                ]
              }
            ]
          }
        ]
      }
    },
    "query": "SELECT EXTRACT(YEAR FROM o.o_orderdate) AS order_year, COUNT(*) AS num_orders FROM orders o WHERE o.o_custkey IN (SELECT c.c_custkey FROM customer c WHERE c.c_nationkey IN (SELECT n.n_nationkey FROM nation n WHERE n.n_regionkey IN (SELECT r.r_regionkey FROM region r WHERE r.r_name = 'ASIA'))) GROUP BY order_year ORDER BY order_year",
    "query_id": 10
  }
]